[INFO] Logger set up successfully
[INFO] Running on device: cuda
[INFO] Simulation environment: data/val_square_UTM_translated_12.inp
[INFO] Loss: BASE
[INFO] Run directory created successfully
[INFO] Starting training run: 12
[INFO] Epoch: 1000 -             Loss: 0.006401,             Residual Loss: 0.000725,             Initial Loss: 0.002108,             Boundary Loss: 0.000634
[INFO] Epoch: 2000 -             Loss: 0.006237,             Residual Loss: 0.000643,             Initial Loss: 0.002054,             Boundary Loss: 0.001086
[INFO] Epoch: 3000 -             Loss: 0.006175,             Residual Loss: 0.000713,             Initial Loss: 0.002028,             Boundary Loss: 0.001802
[INFO] Epoch: 4000 -             Loss: 0.006134,             Residual Loss: 0.000571,             Initial Loss: 0.002018,             Boundary Loss: 0.002259
[INFO] Epoch: 5000 -             Loss: 0.006102,             Residual Loss: 0.000466,             Initial Loss: 0.002010,             Boundary Loss: 0.002560
[INFO] Epoch: 6000 -             Loss: 0.006243,             Residual Loss: 0.000886,             Initial Loss: 0.002042,             Boundary Loss: 0.002754
[INFO] Epoch: 7000 -             Loss: 0.006052,             Residual Loss: 0.000496,             Initial Loss: 0.001991,             Boundary Loss: 0.002998
[INFO] Epoch: 8000 -             Loss: 0.006016,             Residual Loss: 0.000495,             Initial Loss: 0.001978,             Boundary Loss: 0.003264
[INFO] Epoch: 9000 -             Loss: 0.005978,             Residual Loss: 0.000530,             Initial Loss: 0.001963,             Boundary Loss: 0.003488
[INFO] Epoch: 10000 -             Loss: 0.005929,             Residual Loss: 0.000831,             Initial Loss: 0.001936,             Boundary Loss: 0.003946
[INFO] Epoch: 11000 -             Loss: 0.005857,             Residual Loss: 0.000767,             Initial Loss: 0.001914,             Boundary Loss: 0.003696
[INFO] Epoch: 12000 -             Loss: 0.005730,             Residual Loss: 0.000997,             Initial Loss: 0.001862,             Boundary Loss: 0.004575
[INFO] Epoch: 13000 -             Loss: 0.005608,             Residual Loss: 0.001324,             Initial Loss: 0.001808,             Boundary Loss: 0.005047
[INFO] Epoch: 14000 -             Loss: 0.005521,             Residual Loss: 0.001762,             Initial Loss: 0.001762,             Boundary Loss: 0.005923
[INFO] Epoch: 15000 -             Loss: 0.005507,             Residual Loss: 0.002346,             Initial Loss: 0.001736,             Boundary Loss: 0.006380
[INFO] Epoch: 16000 -             Loss: 0.005409,             Residual Loss: 0.002138,             Initial Loss: 0.001709,             Boundary Loss: 0.006829
[INFO] Epoch: 17000 -             Loss: 0.005720,             Residual Loss: 0.003450,             Initial Loss: 0.001768,             Boundary Loss: 0.007222
[INFO] Epoch: 18000 -             Loss: 0.005313,             Residual Loss: 0.002176,             Initial Loss: 0.001673,             Boundary Loss: 0.007605
[INFO] Epoch: 19000 -             Loss: 0.005263,             Residual Loss: 0.002153,             Initial Loss: 0.001656,             Boundary Loss: 0.007845
[INFO] Epoch: 20000 -             Loss: 0.005267,             Residual Loss: 0.002551,             Initial Loss: 0.001644,             Boundary Loss: 0.008005
[INFO] Epoch: 21000 -             Loss: 0.005186,             Residual Loss: 0.002376,             Initial Loss: 0.001622,             Boundary Loss: 0.008137
[INFO] Epoch: 22000 -             Loss: 0.005136,             Residual Loss: 0.002414,             Initial Loss: 0.001604,             Boundary Loss: 0.008201
[INFO] Epoch: 23000 -             Loss: 0.005088,             Residual Loss: 0.002580,             Initial Loss: 0.001582,             Boundary Loss: 0.008420
[INFO] Epoch: 24000 -             Loss: 0.005036,             Residual Loss: 0.002873,             Initial Loss: 0.001554,             Boundary Loss: 0.008758
[INFO] Epoch: 25000 -             Loss: 0.005092,             Residual Loss: 0.004029,             Initial Loss: 0.001534,             Boundary Loss: 0.008749
[INFO] Epoch: 26000 -             Loss: 0.004934,             Residual Loss: 0.003226,             Initial Loss: 0.001508,             Boundary Loss: 0.008784
[INFO] Epoch: 27000 -             Loss: 0.004892,             Residual Loss: 0.003384,             Initial Loss: 0.001489,             Boundary Loss: 0.008643
[INFO] Epoch: 28000 -             Loss: 0.004925,             Residual Loss: 0.004077,             Initial Loss: 0.001477,             Boundary Loss: 0.008488
[INFO] Epoch: 29000 -             Loss: 0.004807,             Residual Loss: 0.003703,             Initial Loss: 0.001452,             Boundary Loss: 0.008118
[INFO] Epoch: 30000 -             Loss: 0.004763,             Residual Loss: 0.003906,             Initial Loss: 0.001432,             Boundary Loss: 0.007626
[INFO] Epoch: 31000 -             Loss: 0.004698,             Residual Loss: 0.004008,             Initial Loss: 0.001408,             Boundary Loss: 0.007264
[INFO] Epoch: 32000 -             Loss: 0.004668,             Residual Loss: 0.004577,             Initial Loss: 0.001380,             Boundary Loss: 0.007054
[INFO] Epoch: 33000 -             Loss: 0.004585,             Residual Loss: 0.004516,             Initial Loss: 0.001355,             Boundary Loss: 0.006818
[INFO] Epoch: 34000 -             Loss: 0.004883,             Residual Loss: 0.008071,             Initial Loss: 0.001336,             Boundary Loss: 0.006764
[INFO] Epoch: 35000 -             Loss: 0.004503,             Residual Loss: 0.004780,             Initial Loss: 0.001320,             Boundary Loss: 0.006496
[INFO] Epoch: 36000 -             Loss: 0.004459,             Residual Loss: 0.005030,             Initial Loss: 0.001297,             Boundary Loss: 0.006556
[INFO] Epoch: 37000 -             Loss: 0.004424,             Residual Loss: 0.005171,             Initial Loss: 0.001281,             Boundary Loss: 0.006515
[INFO] Epoch: 38000 -             Loss: 0.004394,             Residual Loss: 0.005383,             Initial Loss: 0.001264,             Boundary Loss: 0.006487
[INFO] Epoch: 39000 -             Loss: 0.004495,             Residual Loss: 0.006904,             Initial Loss: 0.001246,             Boundary Loss: 0.006528
[INFO] Epoch: 40000 -             Loss: 0.004308,             Residual Loss: 0.005539,             Initial Loss: 0.001229,             Boundary Loss: 0.006603
[INFO] Epoch: 41000 -             Loss: 0.004288,             Residual Loss: 0.005760,             Initial Loss: 0.001215,             Boundary Loss: 0.006745
[INFO] Epoch: 42000 -             Loss: 0.004347,             Residual Loss: 0.006588,             Initial Loss: 0.001207,             Boundary Loss: 0.006853
[INFO] Epoch: 43000 -             Loss: 0.004388,             Residual Loss: 0.007418,             Initial Loss: 0.001192,             Boundary Loss: 0.007079
[INFO] Epoch: 44000 -             Loss: 0.004209,             Residual Loss: 0.005963,             Initial Loss: 0.001180,             Boundary Loss: 0.007258
[INFO] Epoch: 45000 -             Loss: 0.004276,             Residual Loss: 0.006881,             Initial Loss: 0.001171,             Boundary Loss: 0.007494
[INFO] Epoch: 46000 -             Loss: 0.004204,             Residual Loss: 0.006400,             Initial Loss: 0.001163,             Boundary Loss: 0.007521
[INFO] Epoch: 47000 -             Loss: 0.004301,             Residual Loss: 0.007754,             Initial Loss: 0.001149,             Boundary Loss: 0.007788
[INFO] Epoch: 48000 -             Loss: 0.004119,             Residual Loss: 0.006287,             Initial Loss: 0.001137,             Boundary Loss: 0.007999
[INFO] Epoch: 49000 -             Loss: 0.004218,             Residual Loss: 0.007298,             Initial Loss: 0.001136,             Boundary Loss: 0.008098
[INFO] Epoch: 50000 -             Loss: 0.004095,             Residual Loss: 0.006549,             Initial Loss: 0.001119,             Boundary Loss: 0.008356
[INFO] Epoch: 51000 -             Loss: 0.004250,             Residual Loss: 0.008361,             Initial Loss: 0.001110,             Boundary Loss: 0.008447
[INFO] Epoch: 52000 -             Loss: 0.004042,             Residual Loss: 0.006625,             Initial Loss: 0.001098,             Boundary Loss: 0.008621
[INFO] Epoch: 53000 -             Loss: 0.004009,             Residual Loss: 0.006568,             Initial Loss: 0.001088,             Boundary Loss: 0.008674
[INFO] Epoch: 54000 -             Loss: 0.003990,             Residual Loss: 0.006604,             Initial Loss: 0.001081,             Boundary Loss: 0.008779
[INFO] Epoch: 55000 -             Loss: 0.004039,             Residual Loss: 0.007310,             Initial Loss: 0.001073,             Boundary Loss: 0.008822
[INFO] Epoch: 56000 -             Loss: 0.003976,             Residual Loss: 0.006952,             Initial Loss: 0.001064,             Boundary Loss: 0.008900
[INFO] Epoch: 57000 -             Loss: 0.004003,             Residual Loss: 0.007301,             Initial Loss: 0.001061,             Boundary Loss: 0.009006
[INFO] Epoch: 58000 -             Loss: 0.003917,             Residual Loss: 0.006725,             Initial Loss: 0.001052,             Boundary Loss: 0.009011
[INFO] Epoch: 59000 -             Loss: 0.003945,             Residual Loss: 0.007133,             Initial Loss: 0.001047,             Boundary Loss: 0.009115
[INFO] Epoch: 60000 -             Loss: 0.003919,             Residual Loss: 0.007130,             Initial Loss: 0.001039,             Boundary Loss: 0.009079
[INFO] Epoch: 61000 -             Loss: 0.003976,             Residual Loss: 0.007735,             Initial Loss: 0.001037,             Boundary Loss: 0.009027
[INFO] Epoch: 62000 -             Loss: 0.003925,             Residual Loss: 0.007434,             Initial Loss: 0.001030,             Boundary Loss: 0.009094
[INFO] Epoch: 63000 -             Loss: 0.003900,             Residual Loss: 0.007321,             Initial Loss: 0.001026,             Boundary Loss: 0.009127
[INFO] Epoch: 64000 -             Loss: 0.004145,             Residual Loss: 0.008131,             Initial Loss: 0.001083,             Boundary Loss: 0.008167
[INFO] Epoch: 65000 -             Loss: 0.003820,             Residual Loss: 0.006728,             Initial Loss: 0.001019,             Boundary Loss: 0.009152
[INFO] Epoch: 66000 -             Loss: 0.003839,             Residual Loss: 0.007064,             Initial Loss: 0.001014,             Boundary Loss: 0.009160
[INFO] Epoch: 67000 -             Loss: 0.003942,             Residual Loss: 0.008073,             Initial Loss: 0.001014,             Boundary Loss: 0.009162
[INFO] Epoch: 68000 -             Loss: 0.003798,             Residual Loss: 0.006922,             Initial Loss: 0.001005,             Boundary Loss: 0.009267
[INFO] Epoch: 69000 -             Loss: 0.003784,             Residual Loss: 0.006907,             Initial Loss: 0.001000,             Boundary Loss: 0.009283
[INFO] Epoch: 70000 -             Loss: 0.003830,             Residual Loss: 0.007468,             Initial Loss: 0.000997,             Boundary Loss: 0.009329
[INFO] Epoch: 71000 -             Loss: 0.003810,             Residual Loss: 0.007449,             Initial Loss: 0.000991,             Boundary Loss: 0.009383
[INFO] Epoch: 72000 -             Loss: 0.003756,             Residual Loss: 0.007025,             Initial Loss: 0.000987,             Boundary Loss: 0.009416
[INFO] Epoch: 73000 -             Loss: 0.003829,             Residual Loss: 0.007757,             Initial Loss: 0.000986,             Boundary Loss: 0.009468
[INFO] Epoch: 74000 -             Loss: 0.003847,             Residual Loss: 0.008159,             Initial Loss: 0.000979,             Boundary Loss: 0.009431
[INFO] Epoch: 75000 -             Loss: 0.003722,             Residual Loss: 0.006999,             Initial Loss: 0.000976,             Boundary Loss: 0.009502
[INFO] Epoch: 76000 -             Loss: 0.003741,             Residual Loss: 0.007237,             Initial Loss: 0.000974,             Boundary Loss: 0.009504
[INFO] Epoch: 77000 -             Loss: 0.003754,             Residual Loss: 0.007261,             Initial Loss: 0.000978,             Boundary Loss: 0.009319
[INFO] Epoch: 78000 -             Loss: 0.004029,             Residual Loss: 0.008689,             Initial Loss: 0.001024,             Boundary Loss: 0.008789
[INFO] Epoch: 79000 -             Loss: 0.003700,             Residual Loss: 0.006853,             Initial Loss: 0.000973,             Boundary Loss: 0.009461
[INFO] Epoch: 80000 -             Loss: 0.003750,             Residual Loss: 0.007503,             Initial Loss: 0.000968,             Boundary Loss: 0.009501
[INFO] Epoch: 81000 -             Loss: 0.003764,             Residual Loss: 0.007743,             Initial Loss: 0.000965,             Boundary Loss: 0.009568
[INFO] Epoch: 82000 -             Loss: 0.003711,             Residual Loss: 0.007354,             Initial Loss: 0.000960,             Boundary Loss: 0.009624
[INFO] Epoch: 83000 -             Loss: 0.003768,             Residual Loss: 0.007855,             Initial Loss: 0.000963,             Boundary Loss: 0.009431
[INFO] Epoch: 84000 -             Loss: 0.003758,             Residual Loss: 0.007785,             Initial Loss: 0.000961,             Boundary Loss: 0.009612
[INFO] Epoch: 85000 -             Loss: 0.003667,             Residual Loss: 0.007120,             Initial Loss: 0.000953,             Boundary Loss: 0.009586
[INFO] Epoch: 86000 -             Loss: 0.003663,             Residual Loss: 0.007198,             Initial Loss: 0.000949,             Boundary Loss: 0.009638
[INFO] Epoch: 87000 -             Loss: 0.003812,             Residual Loss: 0.008532,             Initial Loss: 0.000954,             Boundary Loss: 0.009590
[INFO] Epoch: 88000 -             Loss: 0.003660,             Residual Loss: 0.007203,             Initial Loss: 0.000948,             Boundary Loss: 0.009564
[INFO] Epoch: 89000 -             Loss: 0.003653,             Residual Loss: 0.007293,             Initial Loss: 0.000942,             Boundary Loss: 0.009656
[INFO] Epoch: 90000 -             Loss: 0.003703,             Residual Loss: 0.007828,             Initial Loss: 0.000941,             Boundary Loss: 0.009656
[INFO] Epoch: 91000 -             Loss: 0.003693,             Residual Loss: 0.007792,             Initial Loss: 0.000939,             Boundary Loss: 0.009681
[INFO] Epoch: 92000 -             Loss: 0.003758,             Residual Loss: 0.008416,             Initial Loss: 0.000940,             Boundary Loss: 0.009593
[INFO] Epoch: 93000 -             Loss: 0.003899,             Residual Loss: 0.009990,             Initial Loss: 0.000935,             Boundary Loss: 0.009647
[INFO] Epoch: 94000 -             Loss: 0.003622,             Residual Loss: 0.007413,             Initial Loss: 0.000928,             Boundary Loss: 0.009733
[INFO] Epoch: 95000 -             Loss: 0.003608,             Residual Loss: 0.007290,             Initial Loss: 0.000927,             Boundary Loss: 0.009665
[INFO] Epoch: 96000 -             Loss: 0.003821,             Residual Loss: 0.009454,             Initial Loss: 0.000926,             Boundary Loss: 0.009667
[INFO] Epoch: 97000 -             Loss: 0.003598,             Residual Loss: 0.007339,             Initial Loss: 0.000922,             Boundary Loss: 0.009698
[INFO] Epoch: 98000 -             Loss: 0.003637,             Residual Loss: 0.007733,             Initial Loss: 0.000922,             Boundary Loss: 0.009671
[INFO] Epoch: 99000 -             Loss: 0.003678,             Residual Loss: 0.008316,             Initial Loss: 0.000916,             Boundary Loss: 0.009756
[INFO] Epoch: 100000 -             Loss: 0.003730,             Residual Loss: 0.008629,             Initial Loss: 0.000923,             Boundary Loss: 0.009718
[INFO] Epoch: 101000 -             Loss: 0.003573,             Residual Loss: 0.007246,             Initial Loss: 0.000917,             Boundary Loss: 0.009644
[INFO] Epoch: 102000 -             Loss: 0.003567,             Residual Loss: 0.007214,             Initial Loss: 0.000916,             Boundary Loss: 0.009643
[INFO] Epoch: 103000 -             Loss: 0.003560,             Residual Loss: 0.007089,             Initial Loss: 0.000918,             Boundary Loss: 0.009570
[INFO] Epoch: 104000 -             Loss: 0.003567,             Residual Loss: 0.007079,             Initial Loss: 0.000921,             Boundary Loss: 0.009598
[INFO] Epoch: 105000 -             Loss: 0.003574,             Residual Loss: 0.007263,             Initial Loss: 0.000917,             Boundary Loss: 0.009588
[INFO] Epoch: 106000 -             Loss: 0.004139,             Residual Loss: 0.012240,             Initial Loss: 0.000941,             Boundary Loss: 0.009206
[INFO] Epoch: 107000 -             Loss: 0.003614,             Residual Loss: 0.007761,             Initial Loss: 0.000914,             Boundary Loss: 0.009658
[INFO] Epoch: 108000 -             Loss: 0.003633,             Residual Loss: 0.008115,             Initial Loss: 0.000908,             Boundary Loss: 0.009769
[INFO] Epoch: 109000 -             Loss: 0.003729,             Residual Loss: 0.009189,             Initial Loss: 0.000904,             Boundary Loss: 0.009816
[INFO] Epoch: 110000 -             Loss: 0.003532,             Residual Loss: 0.007380,             Initial Loss: 0.000899,             Boundary Loss: 0.009838
[INFO] Epoch: 111000 -             Loss: 0.003640,             Residual Loss: 0.008404,             Initial Loss: 0.000901,             Boundary Loss: 0.009771
[INFO] Epoch: 112000 -             Loss: 0.003513,             Residual Loss: 0.007339,             Initial Loss: 0.000894,             Boundary Loss: 0.009799
[INFO] Epoch: 113000 -             Loss: 0.003593,             Residual Loss: 0.008066,             Initial Loss: 0.000896,             Boundary Loss: 0.009761
[INFO] Epoch: 114000 -             Loss: 0.003622,             Residual Loss: 0.008204,             Initial Loss: 0.000902,             Boundary Loss: 0.009727
[INFO] Epoch: 115000 -             Loss: 0.003878,             Residual Loss: 0.010268,             Initial Loss: 0.000919,             Boundary Loss: 0.009337
[INFO] Epoch: 116000 -             Loss: 0.003544,             Residual Loss: 0.007548,             Initial Loss: 0.000897,             Boundary Loss: 0.009714
[INFO] Epoch: 117000 -             Loss: 0.003525,             Residual Loss: 0.007414,             Initial Loss: 0.000896,             Boundary Loss: 0.009702
[INFO] Epoch: 118000 -             Loss: 0.003942,             Residual Loss: 0.010493,             Initial Loss: 0.000934,             Boundary Loss: 0.009072
[INFO] Epoch: 119000 -             Loss: 0.003492,             Residual Loss: 0.006948,             Initial Loss: 0.000900,             Boundary Loss: 0.009605
[INFO] Epoch: 120000 -             Loss: 0.003484,             Residual Loss: 0.007313,             Initial Loss: 0.000885,             Boundary Loss: 0.009846
[INFO] Epoch: 121000 -             Loss: 0.004186,             Residual Loss: 0.013887,             Initial Loss: 0.000901,             Boundary Loss: 0.009370
[INFO] Epoch: 122000 -             Loss: 0.003886,             Residual Loss: 0.010703,             Initial Loss: 0.000906,             Boundary Loss: 0.009734
[INFO] Epoch: 123000 -             Loss: 0.003593,             Residual Loss: 0.008520,             Initial Loss: 0.000881,             Boundary Loss: 0.009877
[INFO] Epoch: 124000 -             Loss: 0.003530,             Residual Loss: 0.008019,             Initial Loss: 0.000876,             Boundary Loss: 0.009920
[INFO] Epoch: 125000 -             Loss: 0.003492,             Residual Loss: 0.007565,             Initial Loss: 0.000879,             Boundary Loss: 0.009856
[INFO] Epoch: 126000 -             Loss: 0.003455,             Residual Loss: 0.007352,             Initial Loss: 0.000874,             Boundary Loss: 0.009907
[INFO] Epoch: 127000 -             Loss: 0.003459,             Residual Loss: 0.007504,             Initial Loss: 0.000870,             Boundary Loss: 0.009994
[INFO] Epoch: 128000 -             Loss: 0.003645,             Residual Loss: 0.008374,             Initial Loss: 0.000905,             Boundary Loss: 0.009300
[INFO] Epoch: 129000 -             Loss: 0.003649,             Residual Loss: 0.009393,             Initial Loss: 0.000870,             Boundary Loss: 0.009935
[INFO] Epoch: 130000 -             Loss: 0.003517,             Residual Loss: 0.008177,             Initial Loss: 0.000866,             Boundary Loss: 0.010046
[INFO] Epoch: 131000 -             Loss: 0.003525,             Residual Loss: 0.008160,             Initial Loss: 0.000870,             Boundary Loss: 0.010007
[INFO] Epoch: 132000 -             Loss: 0.003669,             Residual Loss: 0.008939,             Initial Loss: 0.000894,             Boundary Loss: 0.009405
[INFO] Epoch: 133000 -             Loss: 0.003683,             Residual Loss: 0.009095,             Initial Loss: 0.000893,             Boundary Loss: 0.009405
[INFO] Epoch: 134000 -             Loss: 0.003435,             Residual Loss: 0.007462,             Initial Loss: 0.000863,             Boundary Loss: 0.010026
[INFO] Epoch: 135000 -             Loss: 0.003418,             Residual Loss: 0.007315,             Initial Loss: 0.000862,             Boundary Loss: 0.010105
[INFO] Epoch: 136000 -             Loss: 0.003415,             Residual Loss: 0.007001,             Initial Loss: 0.000872,             Boundary Loss: 0.009846
[INFO] Epoch: 137000 -             Loss: 0.003471,             Residual Loss: 0.007954,             Initial Loss: 0.000858,             Boundary Loss: 0.010069
[INFO] Epoch: 138000 -             Loss: 0.003409,             Residual Loss: 0.007242,             Initial Loss: 0.000861,             Boundary Loss: 0.010075
[INFO] Epoch: 139000 -             Loss: 0.003752,             Residual Loss: 0.009823,             Initial Loss: 0.000892,             Boundary Loss: 0.009465
[INFO] Epoch: 140000 -             Loss: 0.003833,             Residual Loss: 0.010975,             Initial Loss: 0.000879,             Boundary Loss: 0.009676
[INFO] Epoch: 141000 -             Loss: 0.003472,             Residual Loss: 0.008096,             Initial Loss: 0.000853,             Boundary Loss: 0.010229
[INFO] Epoch: 142000 -             Loss: 0.003402,             Residual Loss: 0.007086,             Initial Loss: 0.000865,             Boundary Loss: 0.009942
[INFO] Epoch: 143000 -             Loss: 0.003660,             Residual Loss: 0.009133,             Initial Loss: 0.000884,             Boundary Loss: 0.009633
[INFO] Epoch: 144000 -             Loss: 0.003798,             Residual Loss: 0.010656,             Initial Loss: 0.000878,             Boundary Loss: 0.009790
[INFO] Epoch: 145000 -             Loss: 0.003523,             Residual Loss: 0.008703,             Initial Loss: 0.000850,             Boundary Loss: 0.010347
[INFO] Epoch: 146000 -             Loss: 0.003764,             Residual Loss: 0.010643,             Initial Loss: 0.000866,             Boundary Loss: 0.010151
[INFO] Epoch: 147000 -             Loss: 0.003533,             Residual Loss: 0.008010,             Initial Loss: 0.000879,             Boundary Loss: 0.009671
[INFO] Epoch: 148000 -             Loss: 0.003374,             Residual Loss: 0.007359,             Initial Loss: 0.000845,             Boundary Loss: 0.010362
[INFO] Epoch: 149000 -             Loss: 0.003414,             Residual Loss: 0.007970,             Initial Loss: 0.000837,             Boundary Loss: 0.010456
[INFO] Epoch: 150000 -             Loss: 0.003358,             Residual Loss: 0.007473,             Initial Loss: 0.000835,             Boundary Loss: 0.010502
[INFO] Epoch: 151000 -             Loss: 0.003599,             Residual Loss: 0.009309,             Initial Loss: 0.000855,             Boundary Loss: 0.010179
[INFO] Epoch: 152000 -             Loss: 0.004047,             Residual Loss: 0.013896,             Initial Loss: 0.000852,             Boundary Loss: 0.010143
[INFO] Epoch: 153000 -             Loss: 0.003394,             Residual Loss: 0.007866,             Initial Loss: 0.000834,             Boundary Loss: 0.010481
[INFO] Epoch: 154000 -             Loss: 0.003360,             Residual Loss: 0.007590,             Initial Loss: 0.000832,             Boundary Loss: 0.010528
[INFO] Epoch: 155000 -             Loss: 0.003378,             Residual Loss: 0.007650,             Initial Loss: 0.000836,             Boundary Loss: 0.010332
[INFO] Epoch: 156000 -             Loss: 0.003405,             Residual Loss: 0.008202,             Initial Loss: 0.000826,             Boundary Loss: 0.010573
[INFO] Epoch: 157000 -             Loss: 0.003333,             Residual Loss: 0.007398,             Initial Loss: 0.000830,             Boundary Loss: 0.010427
[INFO] Epoch: 158000 -             Loss: 0.003352,             Residual Loss: 0.007428,             Initial Loss: 0.000835,             Boundary Loss: 0.010509
[INFO] Epoch: 159000 -             Loss: 0.003336,             Residual Loss: 0.007397,             Initial Loss: 0.000830,             Boundary Loss: 0.010516
[INFO] Epoch: 160000 -             Loss: 0.003373,             Residual Loss: 0.008021,             Initial Loss: 0.000822,             Boundary Loss: 0.010595
[INFO] Epoch: 161000 -             Loss: 0.003324,             Residual Loss: 0.007541,             Initial Loss: 0.000821,             Boundary Loss: 0.010633
[INFO] Epoch: 162000 -             Loss: 0.003382,             Residual Loss: 0.008069,             Initial Loss: 0.000823,             Boundary Loss: 0.010500
[INFO] Epoch: 163000 -             Loss: 0.003500,             Residual Loss: 0.009022,             Initial Loss: 0.000831,             Boundary Loss: 0.010443
[INFO] Epoch: 164000 -             Loss: 0.003788,             Residual Loss: 0.011836,             Initial Loss: 0.000834,             Boundary Loss: 0.010351
[INFO] Epoch: 165000 -             Loss: 0.003533,             Residual Loss: 0.008863,             Initial Loss: 0.000849,             Boundary Loss: 0.010065
[INFO] Epoch: 166000 -             Loss: 0.003318,             Residual Loss: 0.007389,             Initial Loss: 0.000825,             Boundary Loss: 0.010549
[INFO] Epoch: 167000 -             Loss: 0.003341,             Residual Loss: 0.007355,             Initial Loss: 0.000833,             Boundary Loss: 0.010509
[INFO] Epoch: 168000 -             Loss: 0.003510,             Residual Loss: 0.008729,             Initial Loss: 0.000846,             Boundary Loss: 0.009995
[INFO] Epoch: 169000 -             Loss: 0.003383,             Residual Loss: 0.008222,             Initial Loss: 0.000818,             Boundary Loss: 0.010640
[INFO] Epoch: 170000 -             Loss: 0.003342,             Residual Loss: 0.007997,             Initial Loss: 0.000812,             Boundary Loss: 0.010712
[INFO] Epoch: 171000 -             Loss: 0.003370,             Residual Loss: 0.008253,             Initial Loss: 0.000813,             Boundary Loss: 0.010697
[INFO] Epoch: 172000 -             Loss: 0.003341,             Residual Loss: 0.008135,             Initial Loss: 0.000807,             Boundary Loss: 0.010703
[INFO] Epoch: 173000 -             Loss: 0.003343,             Residual Loss: 0.008254,             Initial Loss: 0.000804,             Boundary Loss: 0.010700
[INFO] Epoch: 174000 -             Loss: 0.003288,             Residual Loss: 0.007579,             Initial Loss: 0.000808,             Boundary Loss: 0.010644
[INFO] Epoch: 175000 -             Loss: 0.003349,             Residual Loss: 0.008161,             Initial Loss: 0.000809,             Boundary Loss: 0.010626
[INFO] Epoch: 176000 -             Loss: 0.003509,             Residual Loss: 0.009111,             Initial Loss: 0.000832,             Boundary Loss: 0.010142
[INFO] Epoch: 177000 -             Loss: 0.003290,             Residual Loss: 0.007619,             Initial Loss: 0.000807,             Boundary Loss: 0.010619
[INFO] Epoch: 178000 -             Loss: 0.003312,             Residual Loss: 0.007758,             Initial Loss: 0.000810,             Boundary Loss: 0.010558
[INFO] Epoch: 179000 -             Loss: 0.003283,             Residual Loss: 0.007450,             Initial Loss: 0.000811,             Boundary Loss: 0.010542
[INFO] Epoch: 180000 -             Loss: 0.003324,             Residual Loss: 0.008173,             Initial Loss: 0.000800,             Boundary Loss: 0.010688
[INFO] Epoch: 181000 -             Loss: 0.003334,             Residual Loss: 0.007957,             Initial Loss: 0.000811,             Boundary Loss: 0.010460
[INFO] Epoch: 182000 -             Loss: 0.004604,             Residual Loss: 0.019930,             Initial Loss: 0.000836,             Boundary Loss: 0.010270
[INFO] Epoch: 183000 -             Loss: 0.003583,             Residual Loss: 0.009941,             Initial Loss: 0.000830,             Boundary Loss: 0.010036
[INFO] Epoch: 184000 -             Loss: 0.003487,             Residual Loss: 0.008800,             Initial Loss: 0.000836,             Boundary Loss: 0.010069
[INFO] Epoch: 185000 -             Loss: 0.003429,             Residual Loss: 0.008995,             Initial Loss: 0.000808,             Boundary Loss: 0.010529
[INFO] Epoch: 186000 -             Loss: 0.003353,             Residual Loss: 0.008482,             Initial Loss: 0.000800,             Boundary Loss: 0.010637
[INFO] Epoch: 187000 -             Loss: 0.003291,             Residual Loss: 0.007875,             Initial Loss: 0.000799,             Boundary Loss: 0.010628
[INFO] Epoch: 188000 -             Loss: 0.003540,             Residual Loss: 0.009927,             Initial Loss: 0.000814,             Boundary Loss: 0.010435
[INFO] Epoch: 189000 -             Loss: 0.003307,             Residual Loss: 0.008157,             Initial Loss: 0.000795,             Boundary Loss: 0.010678
[INFO] Epoch: 190000 -             Loss: 0.003291,             Residual Loss: 0.007995,             Initial Loss: 0.000795,             Boundary Loss: 0.010669
[INFO] Epoch: 191000 -             Loss: 0.003297,             Residual Loss: 0.008175,             Initial Loss: 0.000791,             Boundary Loss: 0.010673
[INFO] Epoch: 192000 -             Loss: 0.003464,             Residual Loss: 0.009934,             Initial Loss: 0.000788,             Boundary Loss: 0.010668
[INFO] Epoch: 193000 -             Loss: 0.003237,             Residual Loss: 0.007630,             Initial Loss: 0.000789,             Boundary Loss: 0.010643
[INFO] Epoch: 194000 -             Loss: 0.003790,             Residual Loss: 0.012465,             Initial Loss: 0.000812,             Boundary Loss: 0.010636
[INFO] Epoch: 195000 -             Loss: 0.003455,             Residual Loss: 0.009016,             Initial Loss: 0.000817,             Boundary Loss: 0.010083
[INFO] Epoch: 196000 -             Loss: 0.003285,             Residual Loss: 0.008132,             Initial Loss: 0.000788,             Boundary Loss: 0.010648
[INFO] Epoch: 197000 -             Loss: 0.003327,             Residual Loss: 0.008583,             Initial Loss: 0.000787,             Boundary Loss: 0.010720
[INFO] Epoch: 198000 -             Loss: 0.005262,             Residual Loss: 0.026621,             Initial Loss: 0.000832,             Boundary Loss: 0.010436
[INFO] Epoch: 199000 -             Loss: 0.003351,             Residual Loss: 0.008052,             Initial Loss: 0.000815,             Boundary Loss: 0.010132
