[INFO] Logger set up successfully
[INFO] Running on device: cuda
[INFO] Starting snapshot record_memory_history
[INFO] Simulation environment: data/val_square_UTM_translated_10.inp
[INFO] Loss: SOFTADAPT
[INFO] Run directory created successfully
[INFO] Starting training run: 8
[INFO] Epoch: 1000 -             Loss: 0.009993,             Residual Loss: 0.000032,             Initial Loss: 0.001989,             Boundary Loss: 0.000018
[INFO] Epoch: 2000 -             Loss: 0.009978,             Residual Loss: 0.000030,             Initial Loss: 0.001986,             Boundary Loss: 0.000017
[INFO] Epoch: 3000 -             Loss: 0.009895,             Residual Loss: 0.000041,             Initial Loss: 0.001958,             Boundary Loss: 0.000063
[INFO] Epoch: 4000 -             Loss: 0.009880,             Residual Loss: 0.000038,             Initial Loss: 0.001953,             Boundary Loss: 0.000078
[INFO] Epoch: 5000 -             Loss: 0.009869,             Residual Loss: 0.000036,             Initial Loss: 0.001950,             Boundary Loss: 0.000086
[INFO] Epoch: 6000 -             Loss: 0.009858,             Residual Loss: 0.000033,             Initial Loss: 0.001948,             Boundary Loss: 0.000087
[INFO] Epoch: 7000 -             Loss: 0.009844,             Residual Loss: 0.000031,             Initial Loss: 0.001944,             Boundary Loss: 0.000092
[INFO] Epoch: 8000 -             Loss: 0.009812,             Residual Loss: 0.000032,             Initial Loss: 0.001934,             Boundary Loss: 0.000112
[INFO] Epoch: 9000 -             Loss: 0.010549,             Residual Loss: 0.000738,             Initial Loss: 0.001937,             Boundary Loss: 0.000127
[INFO] Epoch: 10000 -             Loss: 0.009776,             Residual Loss: 0.000039,             Initial Loss: 0.001932,             Boundary Loss: 0.000079
[INFO] Epoch: 11000 -             Loss: 0.009716,             Residual Loss: 0.000046,             Initial Loss: 0.001908,             Boundary Loss: 0.000129
[INFO] Epoch: 12000 -             Loss: 0.009706,             Residual Loss: 0.000050,             Initial Loss: 0.001906,             Boundary Loss: 0.000126
[INFO] Epoch: 13000 -             Loss: 0.009695,             Residual Loss: 0.000056,             Initial Loss: 0.001902,             Boundary Loss: 0.000127
[INFO] Epoch: 14000 -             Loss: 0.010019,             Residual Loss: 0.000339,             Initial Loss: 0.001915,             Boundary Loss: 0.000105
[INFO] Epoch: 15000 -             Loss: 0.009668,             Residual Loss: 0.000062,             Initial Loss: 0.001897,             Boundary Loss: 0.000123
[INFO] Epoch: 16000 -             Loss: 0.009639,             Residual Loss: 0.000072,             Initial Loss: 0.001887,             Boundary Loss: 0.000133
[INFO] Epoch: 17000 -             Loss: 0.009623,             Residual Loss: 0.000066,             Initial Loss: 0.001887,             Boundary Loss: 0.000124
[INFO] Epoch: 18000 -             Loss: 0.009594,             Residual Loss: 0.000078,             Initial Loss: 0.001876,             Boundary Loss: 0.000139
[INFO] Epoch: 19000 -             Loss: 0.009568,             Residual Loss: 0.000084,             Initial Loss: 0.001868,             Boundary Loss: 0.000144
[INFO] Epoch: 20000 -             Loss: 0.009906,             Residual Loss: 0.000457,             Initial Loss: 0.001853,             Boundary Loss: 0.000182
[INFO] Epoch: 21000 -             Loss: 0.009518,             Residual Loss: 0.000096,             Initial Loss: 0.001852,             Boundary Loss: 0.000162
[INFO] Epoch: 22000 -             Loss: 0.009500,             Residual Loss: 0.000097,             Initial Loss: 0.001847,             Boundary Loss: 0.000169
[INFO] Epoch: 23000 -             Loss: 0.009502,             Residual Loss: 0.000096,             Initial Loss: 0.001851,             Boundary Loss: 0.000153
[INFO] Epoch: 24000 -             Loss: 0.009476,             Residual Loss: 0.000101,             Initial Loss: 0.001840,             Boundary Loss: 0.000174
[INFO] Epoch: 25000 -             Loss: 0.009458,             Residual Loss: 0.000108,             Initial Loss: 0.001833,             Boundary Loss: 0.000184
[INFO] Epoch: 26000 -             Loss: 0.009448,             Residual Loss: 0.000103,             Initial Loss: 0.001832,             Boundary Loss: 0.000186
[INFO] Epoch: 27000 -             Loss: 0.009427,             Residual Loss: 0.000110,             Initial Loss: 0.001825,             Boundary Loss: 0.000194
[INFO] Epoch: 28000 -             Loss: 0.009410,             Residual Loss: 0.000113,             Initial Loss: 0.001820,             Boundary Loss: 0.000198
[INFO] Epoch: 29000 -             Loss: 0.009393,             Residual Loss: 0.000116,             Initial Loss: 0.001815,             Boundary Loss: 0.000200
[INFO] Epoch: 30000 -             Loss: 0.009378,             Residual Loss: 0.000118,             Initial Loss: 0.001811,             Boundary Loss: 0.000202
[INFO] Epoch: 31000 -             Loss: 0.009362,             Residual Loss: 0.000121,             Initial Loss: 0.001808,             Boundary Loss: 0.000201
[INFO] Epoch: 32000 -             Loss: 0.009337,             Residual Loss: 0.000133,             Initial Loss: 0.001799,             Boundary Loss: 0.000209
[INFO] Epoch: 33000 -             Loss: 0.009320,             Residual Loss: 0.000135,             Initial Loss: 0.001795,             Boundary Loss: 0.000209
[INFO] Epoch: 34000 -             Loss: 0.009284,             Residual Loss: 0.000154,             Initial Loss: 0.001782,             Boundary Loss: 0.000218
[INFO] Epoch: 35000 -             Loss: 0.009250,             Residual Loss: 0.000163,             Initial Loss: 0.001773,             Boundary Loss: 0.000222
[INFO] Epoch: 36000 -             Loss: 0.009217,             Residual Loss: 0.000179,             Initial Loss: 0.001762,             Boundary Loss: 0.000230
[INFO] Epoch: 37000 -             Loss: 0.009183,             Residual Loss: 0.000203,             Initial Loss: 0.001749,             Boundary Loss: 0.000237
[INFO] Epoch: 38000 -             Loss: 0.009206,             Residual Loss: 0.000239,             Initial Loss: 0.001746,             Boundary Loss: 0.000235
[INFO] Epoch: 39000 -             Loss: 0.009134,             Residual Loss: 0.000227,             Initial Loss: 0.001733,             Boundary Loss: 0.000243
[INFO] Epoch: 40000 -             Loss: 0.009103,             Residual Loss: 0.000237,             Initial Loss: 0.001725,             Boundary Loss: 0.000239
[INFO] Epoch: 41000 -             Loss: 0.009077,             Residual Loss: 0.000246,             Initial Loss: 0.001718,             Boundary Loss: 0.000240
[INFO] Epoch: 42000 -             Loss: 0.009438,             Residual Loss: 0.000630,             Initial Loss: 0.001712,             Boundary Loss: 0.000247
[INFO] Epoch: 43000 -             Loss: 0.009029,             Residual Loss: 0.000267,             Initial Loss: 0.001704,             Boundary Loss: 0.000241
[INFO] Epoch: 44000 -             Loss: 0.009003,             Residual Loss: 0.000278,             Initial Loss: 0.001697,             Boundary Loss: 0.000240
[INFO] Epoch: 45000 -             Loss: 0.008976,             Residual Loss: 0.000284,             Initial Loss: 0.001690,             Boundary Loss: 0.000240
[INFO] Epoch: 46000 -             Loss: 0.008945,             Residual Loss: 0.000299,             Initial Loss: 0.001681,             Boundary Loss: 0.000239
[INFO] Epoch: 47000 -             Loss: 0.008921,             Residual Loss: 0.000304,             Initial Loss: 0.001676,             Boundary Loss: 0.000238
[INFO] Epoch: 48000 -             Loss: 0.009088,             Residual Loss: 0.000533,             Initial Loss: 0.001664,             Boundary Loss: 0.000235
[INFO] Epoch: 49000 -             Loss: 0.008867,             Residual Loss: 0.000326,             Initial Loss: 0.001661,             Boundary Loss: 0.000237
[INFO] Epoch: 50000 -             Loss: 0.008862,             Residual Loss: 0.000344,             Initial Loss: 0.001657,             Boundary Loss: 0.000234
[INFO] Epoch: 51000 -             Loss: 0.008817,             Residual Loss: 0.000341,             Initial Loss: 0.001649,             Boundary Loss: 0.000232
[INFO] Epoch: 52000 -             Loss: 0.008867,             Residual Loss: 0.000396,             Initial Loss: 0.001650,             Boundary Loss: 0.000222
[INFO] Epoch: 53000 -             Loss: 0.008789,             Residual Loss: 0.000377,             Initial Loss: 0.001637,             Boundary Loss: 0.000229
[INFO] Epoch: 54000 -             Loss: 0.008771,             Residual Loss: 0.000377,             Initial Loss: 0.001633,             Boundary Loss: 0.000228
[INFO] Epoch: 55000 -             Loss: 0.008801,             Residual Loss: 0.000422,             Initial Loss: 0.001632,             Boundary Loss: 0.000222
[INFO] Epoch: 56000 -             Loss: 0.008726,             Residual Loss: 0.000386,             Initial Loss: 0.001623,             Boundary Loss: 0.000227
[INFO] Epoch: 57000 -             Loss: 0.008796,             Residual Loss: 0.000456,             Initial Loss: 0.001623,             Boundary Loss: 0.000225
[INFO] Epoch: 58000 -             Loss: 0.008878,             Residual Loss: 0.000549,             Initial Loss: 0.001623,             Boundary Loss: 0.000215
[INFO] Epoch: 59000 -             Loss: 0.008669,             Residual Loss: 0.000395,             Initial Loss: 0.001611,             Boundary Loss: 0.000220
[INFO] Epoch: 60000 -             Loss: 0.008646,             Residual Loss: 0.000400,             Initial Loss: 0.001605,             Boundary Loss: 0.000222
[INFO] Epoch: 61000 -             Loss: 0.008638,             Residual Loss: 0.000413,             Initial Loss: 0.001601,             Boundary Loss: 0.000222
[INFO] Epoch: 62000 -             Loss: 0.008616,             Residual Loss: 0.000417,             Initial Loss: 0.001595,             Boundary Loss: 0.000222
[INFO] Epoch: 63000 -             Loss: 0.008602,             Residual Loss: 0.000419,             Initial Loss: 0.001593,             Boundary Loss: 0.000217
[INFO] Epoch: 64000 -             Loss: 0.008584,             Residual Loss: 0.000427,             Initial Loss: 0.001588,             Boundary Loss: 0.000218
[INFO] Epoch: 65000 -             Loss: 0.008572,             Residual Loss: 0.000429,             Initial Loss: 0.001585,             Boundary Loss: 0.000217
[INFO] Epoch: 66000 -             Loss: 0.008558,             Residual Loss: 0.000432,             Initial Loss: 0.001582,             Boundary Loss: 0.000216
[INFO] Epoch: 67000 -             Loss: 0.008577,             Residual Loss: 0.000465,             Initial Loss: 0.001579,             Boundary Loss: 0.000216
[INFO] Epoch: 68000 -             Loss: 0.008612,             Residual Loss: 0.000509,             Initial Loss: 0.001578,             Boundary Loss: 0.000214
[INFO] Epoch: 69000 -             Loss: 0.008521,             Residual Loss: 0.000445,             Initial Loss: 0.001573,             Boundary Loss: 0.000212
[INFO] Epoch: 70000 -             Loss: 0.008501,             Residual Loss: 0.000451,             Initial Loss: 0.001568,             Boundary Loss: 0.000211
[INFO] Epoch: 71000 -             Loss: 0.008487,             Residual Loss: 0.000461,             Initial Loss: 0.001563,             Boundary Loss: 0.000211
[INFO] Epoch: 72000 -             Loss: 0.008465,             Residual Loss: 0.000460,             Initial Loss: 0.001559,             Boundary Loss: 0.000211
[INFO] Epoch: 73000 -             Loss: 0.008467,             Residual Loss: 0.000491,             Initial Loss: 0.001553,             Boundary Loss: 0.000211
[INFO] Epoch: 74000 -             Loss: 0.008435,             Residual Loss: 0.000476,             Initial Loss: 0.001551,             Boundary Loss: 0.000203
[INFO] Epoch: 75000 -             Loss: 0.008408,             Residual Loss: 0.000477,             Initial Loss: 0.001545,             Boundary Loss: 0.000206
[INFO] Epoch: 76000 -             Loss: 0.008429,             Residual Loss: 0.000509,             Initial Loss: 0.001544,             Boundary Loss: 0.000200
[INFO] Epoch: 77000 -             Loss: 0.008434,             Residual Loss: 0.000560,             Initial Loss: 0.001534,             Boundary Loss: 0.000205
[INFO] Epoch: 78000 -             Loss: 0.008350,             Residual Loss: 0.000494,             Initial Loss: 0.001532,             Boundary Loss: 0.000198
[INFO] Epoch: 79000 -             Loss: 0.008357,             Residual Loss: 0.000512,             Initial Loss: 0.001530,             Boundary Loss: 0.000197
[INFO] Epoch: 80000 -             Loss: 0.008359,             Residual Loss: 0.000542,             Initial Loss: 0.001525,             Boundary Loss: 0.000191
[INFO] Epoch: 81000 -             Loss: 0.008311,             Residual Loss: 0.000515,             Initial Loss: 0.001521,             Boundary Loss: 0.000191
[INFO] Epoch: 82000 -             Loss: 0.008414,             Residual Loss: 0.000644,             Initial Loss: 0.001516,             Boundary Loss: 0.000192
[INFO] Epoch: 83000 -             Loss: 0.008291,             Residual Loss: 0.000531,             Initial Loss: 0.001514,             Boundary Loss: 0.000191
[INFO] Epoch: 84000 -             Loss: 0.008381,             Residual Loss: 0.000654,             Initial Loss: 0.001509,             Boundary Loss: 0.000184
[INFO] Epoch: 85000 -             Loss: 0.008235,             Residual Loss: 0.000532,             Initial Loss: 0.001503,             Boundary Loss: 0.000187
[INFO] Epoch: 86000 -             Loss: 0.008210,             Residual Loss: 0.000529,             Initial Loss: 0.001500,             Boundary Loss: 0.000183
[INFO] Epoch: 87000 -             Loss: 0.008195,             Residual Loss: 0.000530,             Initial Loss: 0.001497,             Boundary Loss: 0.000181
[INFO] Epoch: 88000 -             Loss: 0.008187,             Residual Loss: 0.000552,             Initial Loss: 0.001491,             Boundary Loss: 0.000180
[INFO] Epoch: 89000 -             Loss: 0.008221,             Residual Loss: 0.000571,             Initial Loss: 0.001494,             Boundary Loss: 0.000178
[INFO] Epoch: 90000 -             Loss: 0.008231,             Residual Loss: 0.000627,             Initial Loss: 0.001486,             Boundary Loss: 0.000174
[INFO] Epoch: 91000 -             Loss: 0.008151,             Residual Loss: 0.000567,             Initial Loss: 0.001482,             Boundary Loss: 0.000174
[INFO] Epoch: 92000 -             Loss: 0.008123,             Residual Loss: 0.000561,             Initial Loss: 0.001478,             Boundary Loss: 0.000172
[INFO] Epoch: 93000 -             Loss: 0.008117,             Residual Loss: 0.000569,             Initial Loss: 0.001475,             Boundary Loss: 0.000171
[INFO] Epoch: 94000 -             Loss: 0.008088,             Residual Loss: 0.000561,             Initial Loss: 0.001471,             Boundary Loss: 0.000172
[INFO] Epoch: 95000 -             Loss: 0.008151,             Residual Loss: 0.000658,             Initial Loss: 0.001465,             Boundary Loss: 0.000170
[INFO] Epoch: 96000 -             Loss: 0.008121,             Residual Loss: 0.000633,             Initial Loss: 0.001465,             Boundary Loss: 0.000164
[INFO] Epoch: 97000 -             Loss: 0.008344,             Residual Loss: 0.000860,             Initial Loss: 0.001464,             Boundary Loss: 0.000166
[INFO] Epoch: 98000 -             Loss: 0.008041,             Residual Loss: 0.000580,             Initial Loss: 0.001460,             Boundary Loss: 0.000162
[INFO] Epoch: 99000 -             Loss: 0.008130,             Residual Loss: 0.000710,             Initial Loss: 0.001452,             Boundary Loss: 0.000160
[INFO] Epoch: 100000 -             Loss: 0.008111,             Residual Loss: 0.000701,             Initial Loss: 0.001451,             Boundary Loss: 0.000156
[INFO] Epoch: 101000 -             Loss: 0.008013,             Residual Loss: 0.000609,             Initial Loss: 0.001449,             Boundary Loss: 0.000157
[INFO] Epoch: 102000 -             Loss: 0.007967,             Residual Loss: 0.000578,             Initial Loss: 0.001447,             Boundary Loss: 0.000154
[INFO] Epoch: 103000 -             Loss: 0.008082,             Residual Loss: 0.000700,             Initial Loss: 0.001446,             Boundary Loss: 0.000154
[INFO] Epoch: 104000 -             Loss: 0.007971,             Residual Loss: 0.000619,             Initial Loss: 0.001440,             Boundary Loss: 0.000152
[INFO] Epoch: 105000 -             Loss: 0.007980,             Residual Loss: 0.000638,             Initial Loss: 0.001438,             Boundary Loss: 0.000152
[INFO] Epoch: 106000 -             Loss: 0.007928,             Residual Loss: 0.000593,             Initial Loss: 0.001437,             Boundary Loss: 0.000150
[INFO] Epoch: 107000 -             Loss: 0.008081,             Residual Loss: 0.000762,             Initial Loss: 0.001434,             Boundary Loss: 0.000148
[INFO] Epoch: 108000 -             Loss: 0.008184,             Residual Loss: 0.000882,             Initial Loss: 0.001430,             Boundary Loss: 0.000153
[INFO] Epoch: 109000 -             Loss: 0.007909,             Residual Loss: 0.000615,             Initial Loss: 0.001429,             Boundary Loss: 0.000147
[INFO] Epoch: 110000 -             Loss: 0.008084,             Residual Loss: 0.000790,             Initial Loss: 0.001429,             Boundary Loss: 0.000150
[INFO] Epoch: 111000 -             Loss: 0.007932,             Residual Loss: 0.000660,             Initial Loss: 0.001425,             Boundary Loss: 0.000144
[INFO] Epoch: 112000 -             Loss: 0.007932,             Residual Loss: 0.000687,             Initial Loss: 0.001420,             Boundary Loss: 0.000145
[INFO] Epoch: 113000 -             Loss: 0.007907,             Residual Loss: 0.000659,             Initial Loss: 0.001421,             Boundary Loss: 0.000142
[INFO] Epoch: 114000 -             Loss: 0.007863,             Residual Loss: 0.000627,             Initial Loss: 0.001418,             Boundary Loss: 0.000146
[INFO] Epoch: 115000 -             Loss: 0.007992,             Residual Loss: 0.000764,             Initial Loss: 0.001417,             Boundary Loss: 0.000145
[INFO] Epoch: 116000 -             Loss: 0.007833,             Residual Loss: 0.000620,             Initial Loss: 0.001414,             Boundary Loss: 0.000142
[INFO] Epoch: 117000 -             Loss: 0.007844,             Residual Loss: 0.000631,             Initial Loss: 0.001415,             Boundary Loss: 0.000140
[INFO] Epoch: 118000 -             Loss: 0.007839,             Residual Loss: 0.000641,             Initial Loss: 0.001411,             Boundary Loss: 0.000143
[INFO] Epoch: 119000 -             Loss: 0.007843,             Residual Loss: 0.000660,             Initial Loss: 0.001408,             Boundary Loss: 0.000143
[INFO] Epoch: 120000 -             Loss: 0.007799,             Residual Loss: 0.000619,             Initial Loss: 0.001408,             Boundary Loss: 0.000139
[INFO] Finished training
[INFO] Visualizing results
[INFO] Total loss: 	0.00780 (7.799E-03)
[INFO] Interior loss: 	0.00062 (6.191E-04)
[INFO] Initial loss: 	0.00141 (1.408E-03)
[INFO] Boundary loss: 	0.00014 (1.387E-04)
[INFO] Plotting initial condition results
[INFO] Plotting simulation frames
[INFO] Creating GIFs
[INFO] Saving snapshot to local file: ag0009_Apr_24_13_16_00.pickle
[INFO] Stopping snapshot record_memory_history
