[INFO] Logger set up successfully
[INFO] Running on device: cuda
[INFO] Simulation environment: data/val_square_UTM_translated_12.inp
[INFO] Loss: BASE
[INFO] Run directory created successfully
[INFO] Starting training run: 13
[INFO] Epoch: 1000 -             Loss: 0.006245,             Residual Loss: 0.000988,             Initial Loss: 0.002048,             Boundary Loss: 0.001456
[INFO] Epoch: 2000 -             Loss: 0.006116,             Residual Loss: 0.000550,             Initial Loss: 0.002020,             Boundary Loss: 0.002230
[INFO] Epoch: 3000 -             Loss: 0.006060,             Residual Loss: 0.000575,             Initial Loss: 0.002000,             Boundary Loss: 0.003131
[INFO] Epoch: 4000 -             Loss: 0.006032,             Residual Loss: 0.000378,             Initial Loss: 0.001997,             Boundary Loss: 0.002791
[INFO] Epoch: 5000 -             Loss: 0.005957,             Residual Loss: 0.000656,             Initial Loss: 0.001962,             Boundary Loss: 0.003937
[INFO] Epoch: 6000 -             Loss: 0.005856,             Residual Loss: 0.001054,             Initial Loss: 0.001915,             Boundary Loss: 0.005862
[INFO] Epoch: 7000 -             Loss: 0.005787,             Residual Loss: 0.001096,             Initial Loss: 0.001891,             Boundary Loss: 0.005548
[INFO] Epoch: 8000 -             Loss: 0.005696,             Residual Loss: 0.001478,             Initial Loss: 0.001848,             Boundary Loss: 0.005214
[INFO] Epoch: 9000 -             Loss: 0.005605,             Residual Loss: 0.001907,             Initial Loss: 0.001803,             Boundary Loss: 0.005662
[INFO] Epoch: 10000 -             Loss: 0.005553,             Residual Loss: 0.002068,             Initial Loss: 0.001780,             Boundary Loss: 0.006321
[INFO] Epoch: 11000 -             Loss: 0.005624,             Residual Loss: 0.002732,             Initial Loss: 0.001781,             Boundary Loss: 0.006667
[INFO] Epoch: 12000 -             Loss: 0.005415,             Residual Loss: 0.002165,             Initial Loss: 0.001730,             Boundary Loss: 0.008170
[INFO] Epoch: 13000 -             Loss: 0.005755,             Residual Loss: 0.005265,             Initial Loss: 0.001740,             Boundary Loss: 0.008498
[INFO] Epoch: 14000 -             Loss: 0.005372,             Residual Loss: 0.002978,             Initial Loss: 0.001688,             Boundary Loss: 0.009258
[INFO] Epoch: 15000 -             Loss: 0.005779,             Residual Loss: 0.006073,             Initial Loss: 0.001720,             Boundary Loss: 0.010640
[INFO] Epoch: 16000 -             Loss: 0.005143,             Residual Loss: 0.002511,             Initial Loss: 0.001627,             Boundary Loss: 0.011056
[INFO] Epoch: 17000 -             Loss: 0.005223,             Residual Loss: 0.003473,             Initial Loss: 0.001622,             Boundary Loss: 0.010547
[INFO] Epoch: 18000 -             Loss: 0.005037,             Residual Loss: 0.002755,             Initial Loss: 0.001584,             Boundary Loss: 0.011302
[INFO] Epoch: 19000 -             Loss: 0.005491,             Residual Loss: 0.007096,             Initial Loss: 0.001590,             Boundary Loss: 0.010444
[INFO] Epoch: 20000 -             Loss: 0.004935,             Residual Loss: 0.003144,             Initial Loss: 0.001537,             Boundary Loss: 0.011140
[INFO] Epoch: 21000 -             Loss: 0.004885,             Residual Loss: 0.003381,             Initial Loss: 0.001512,             Boundary Loss: 0.011051
[INFO] Epoch: 22000 -             Loss: 0.004844,             Residual Loss: 0.003624,             Initial Loss: 0.001490,             Boundary Loss: 0.011140
[INFO] Epoch: 23000 -             Loss: 0.004836,             Residual Loss: 0.003745,             Initial Loss: 0.001484,             Boundary Loss: 0.010793
[INFO] Epoch: 24000 -             Loss: 0.004784,             Residual Loss: 0.003792,             Initial Loss: 0.001465,             Boundary Loss: 0.010971
[INFO] Epoch: 25000 -             Loss: 0.004755,             Residual Loss: 0.003870,             Initial Loss: 0.001452,             Boundary Loss: 0.011090
[INFO] Epoch: 26000 -             Loss: 0.005110,             Residual Loss: 0.007025,             Initial Loss: 0.001466,             Boundary Loss: 0.010178
[INFO] Epoch: 27000 -             Loss: 0.004812,             Residual Loss: 0.004804,             Initial Loss: 0.001440,             Boundary Loss: 0.010492
[INFO] Epoch: 28000 -             Loss: 0.004667,             Residual Loss: 0.003994,             Initial Loss: 0.001419,             Boundary Loss: 0.010735
[INFO] Epoch: 29000 -             Loss: 0.005221,             Residual Loss: 0.009895,             Initial Loss: 0.001407,             Boundary Loss: 0.010347
[INFO] Epoch: 30000 -             Loss: 0.004626,             Residual Loss: 0.004300,             Initial Loss: 0.001396,             Boundary Loss: 0.009861
[INFO] Epoch: 31000 -             Loss: 0.004540,             Residual Loss: 0.004252,             Initial Loss: 0.001368,             Boundary Loss: 0.010261
[INFO] Epoch: 32000 -             Loss: 0.005464,             Residual Loss: 0.013897,             Initial Loss: 0.001355,             Boundary Loss: 0.009795
[INFO] Epoch: 33000 -             Loss: 0.004439,             Residual Loss: 0.004444,             Initial Loss: 0.001328,             Boundary Loss: 0.009994
[INFO] Epoch: 34000 -             Loss: 0.004386,             Residual Loss: 0.004579,             Initial Loss: 0.001306,             Boundary Loss: 0.010234
[INFO] Epoch: 35000 -             Loss: 0.004350,             Residual Loss: 0.004718,             Initial Loss: 0.001289,             Boundary Loss: 0.010444
[INFO] Epoch: 36000 -             Loss: 0.004333,             Residual Loss: 0.005270,             Initial Loss: 0.001265,             Boundary Loss: 0.011000
[INFO] Epoch: 37000 -             Loss: 0.004264,             Residual Loss: 0.004995,             Initial Loss: 0.001251,             Boundary Loss: 0.011113
[INFO] Epoch: 38000 -             Loss: 0.004229,             Residual Loss: 0.005139,             Initial Loss: 0.001235,             Boundary Loss: 0.011634
[INFO] Epoch: 39000 -             Loss: 0.004274,             Residual Loss: 0.005490,             Initial Loss: 0.001238,             Boundary Loss: 0.011436
[INFO] Epoch: 40000 -             Loss: 0.004170,             Residual Loss: 0.005319,             Initial Loss: 0.001208,             Boundary Loss: 0.012729
[INFO] Epoch: 41000 -             Loss: 0.004143,             Residual Loss: 0.005409,             Initial Loss: 0.001196,             Boundary Loss: 0.013339
[INFO] Epoch: 42000 -             Loss: 0.004165,             Residual Loss: 0.005653,             Initial Loss: 0.001195,             Boundary Loss: 0.013710
[INFO] Epoch: 43000 -             Loss: 0.004207,             Residual Loss: 0.006473,             Initial Loss: 0.001182,             Boundary Loss: 0.014769
[INFO] Epoch: 44000 -             Loss: 0.004070,             Residual Loss: 0.005592,             Initial Loss: 0.001165,             Boundary Loss: 0.015011
[INFO] Epoch: 45000 -             Loss: 0.004049,             Residual Loss: 0.005710,             Initial Loss: 0.001154,             Boundary Loss: 0.015650
[INFO] Epoch: 46000 -             Loss: 0.004024,             Residual Loss: 0.005754,             Initial Loss: 0.001144,             Boundary Loss: 0.016297
[INFO] Epoch: 47000 -             Loss: 0.004010,             Residual Loss: 0.005841,             Initial Loss: 0.001136,             Boundary Loss: 0.016768
[INFO] Epoch: 48000 -             Loss: 0.003983,             Residual Loss: 0.005872,             Initial Loss: 0.001126,             Boundary Loss: 0.017436
[INFO] Epoch: 49000 -             Loss: 0.003961,             Residual Loss: 0.005965,             Initial Loss: 0.001116,             Boundary Loss: 0.018069
[INFO] Epoch: 50000 -             Loss: 0.003955,             Residual Loss: 0.006145,             Initial Loss: 0.001107,             Boundary Loss: 0.018659
[INFO] Epoch: 51000 -             Loss: 0.003944,             Residual Loss: 0.005952,             Initial Loss: 0.001110,             Boundary Loss: 0.018200
[INFO] Epoch: 52000 -             Loss: 0.003894,             Residual Loss: 0.006012,             Initial Loss: 0.001091,             Boundary Loss: 0.019543
[INFO] Epoch: 53000 -             Loss: 0.003911,             Residual Loss: 0.006040,             Initial Loss: 0.001096,             Boundary Loss: 0.019059
[INFO] Epoch: 54000 -             Loss: 0.003951,             Residual Loss: 0.006905,             Initial Loss: 0.001080,             Boundary Loss: 0.020178
[INFO] Epoch: 55000 -             Loss: 0.003879,             Residual Loss: 0.006374,             Initial Loss: 0.001074,             Boundary Loss: 0.020393
[INFO] Epoch: 56000 -             Loss: 0.003870,             Residual Loss: 0.006891,             Initial Loss: 0.001053,             Boundary Loss: 0.021781
[INFO] Epoch: 57000 -             Loss: 0.003807,             Residual Loss: 0.006295,             Initial Loss: 0.001052,             Boundary Loss: 0.021436
[INFO] Epoch: 58000 -             Loss: 0.003787,             Residual Loss: 0.006321,             Initial Loss: 0.001044,             Boundary Loss: 0.022117
[INFO] Epoch: 59000 -             Loss: 0.003848,             Residual Loss: 0.007087,             Initial Loss: 0.001039,             Boundary Loss: 0.022211
[INFO] Epoch: 60000 -             Loss: 0.003753,             Residual Loss: 0.006465,             Initial Loss: 0.001028,             Boundary Loss: 0.023262
[INFO] Epoch: 61000 -             Loss: 0.004155,             Residual Loss: 0.010600,             Initial Loss: 0.001024,             Boundary Loss: 0.023747
[INFO] Epoch: 62000 -             Loss: 0.003754,             Residual Loss: 0.006694,             Initial Loss: 0.001020,             Boundary Loss: 0.023835
[INFO] Epoch: 63000 -             Loss: 0.003718,             Residual Loss: 0.006686,             Initial Loss: 0.001008,             Boundary Loss: 0.024488
[INFO] Epoch: 64000 -             Loss: 0.003695,             Residual Loss: 0.006656,             Initial Loss: 0.001002,             Boundary Loss: 0.024864
[INFO] Epoch: 65000 -             Loss: 0.003667,             Residual Loss: 0.006462,             Initial Loss: 0.000999,             Boundary Loss: 0.025013
[INFO] Epoch: 66000 -             Loss: 0.003737,             Residual Loss: 0.006905,             Initial Loss: 0.001007,             Boundary Loss: 0.024307
[INFO] Epoch: 67000 -             Loss: 0.003694,             Residual Loss: 0.006769,             Initial Loss: 0.000997,             Boundary Loss: 0.024723
[INFO] Epoch: 68000 -             Loss: 0.003699,             Residual Loss: 0.007119,             Initial Loss: 0.000987,             Boundary Loss: 0.025872
[INFO] Epoch: 69000 -             Loss: 0.003632,             Residual Loss: 0.006723,             Initial Loss: 0.000978,             Boundary Loss: 0.026413
[INFO] Epoch: 70000 -             Loss: 0.003723,             Residual Loss: 0.007555,             Initial Loss: 0.000980,             Boundary Loss: 0.026176
[INFO] Epoch: 71000 -             Loss: 0.003672,             Residual Loss: 0.007207,             Initial Loss: 0.000975,             Boundary Loss: 0.026508
[INFO] Epoch: 72000 -             Loss: 0.003598,             Residual Loss: 0.006777,             Initial Loss: 0.000964,             Boundary Loss: 0.027325
[INFO] Epoch: 73000 -             Loss: 0.003612,             Residual Loss: 0.006843,             Initial Loss: 0.000967,             Boundary Loss: 0.026977
[INFO] Epoch: 74000 -             Loss: 0.004255,             Residual Loss: 0.013086,             Initial Loss: 0.000973,             Boundary Loss: 0.027383
[INFO] Epoch: 75000 -             Loss: 0.003877,             Residual Loss: 0.009709,             Initial Loss: 0.000959,             Boundary Loss: 0.027753
[INFO] Epoch: 76000 -             Loss: 0.003575,             Residual Loss: 0.006933,             Initial Loss: 0.000951,             Boundary Loss: 0.028059
[INFO] Epoch: 77000 -             Loss: 0.003578,             Residual Loss: 0.007027,             Initial Loss: 0.000949,             Boundary Loss: 0.028210
[INFO] Epoch: 78000 -             Loss: 0.003912,             Residual Loss: 0.010311,             Initial Loss: 0.000951,             Boundary Loss: 0.028229
[INFO] Epoch: 79000 -             Loss: 0.003540,             Residual Loss: 0.006875,             Initial Loss: 0.000941,             Boundary Loss: 0.028736
[INFO] Epoch: 80000 -             Loss: 0.003549,             Residual Loss: 0.006977,             Initial Loss: 0.000941,             Boundary Loss: 0.028827
[INFO] Epoch: 81000 -             Loss: 0.003569,             Residual Loss: 0.007215,             Initial Loss: 0.000940,             Boundary Loss: 0.028770
[INFO] Epoch: 82000 -             Loss: 0.003528,             Residual Loss: 0.007049,             Initial Loss: 0.000931,             Boundary Loss: 0.029143
[INFO] Epoch: 83000 -             Loss: 0.003511,             Residual Loss: 0.006884,             Initial Loss: 0.000931,             Boundary Loss: 0.029131
[INFO] Epoch: 84000 -             Loss: 0.003517,             Residual Loss: 0.007044,             Initial Loss: 0.000928,             Boundary Loss: 0.029345
[INFO] Epoch: 85000 -             Loss: 0.003501,             Residual Loss: 0.006963,             Initial Loss: 0.000925,             Boundary Loss: 0.029577
[INFO] Epoch: 86000 -             Loss: 0.003490,             Residual Loss: 0.007006,             Initial Loss: 0.000920,             Boundary Loss: 0.029919
[INFO] Epoch: 87000 -             Loss: 0.003488,             Residual Loss: 0.006890,             Initial Loss: 0.000923,             Boundary Loss: 0.029501
[INFO] Epoch: 88000 -             Loss: 0.003754,             Residual Loss: 0.009699,             Initial Loss: 0.000918,             Boundary Loss: 0.030286
[INFO] Epoch: 89000 -             Loss: 0.003471,             Residual Loss: 0.007003,             Initial Loss: 0.000914,             Boundary Loss: 0.029978
[INFO] Epoch: 90000 -             Loss: 0.003487,             Residual Loss: 0.007238,             Initial Loss: 0.000911,             Boundary Loss: 0.030094
[INFO] Epoch: 91000 -             Loss: 0.003735,             Residual Loss: 0.009688,             Initial Loss: 0.000912,             Boundary Loss: 0.029952
[INFO] Epoch: 92000 -             Loss: 0.003451,             Residual Loss: 0.007043,             Initial Loss: 0.000905,             Boundary Loss: 0.030482
[INFO] Epoch: 93000 -             Loss: 0.003469,             Residual Loss: 0.007333,             Initial Loss: 0.000902,             Boundary Loss: 0.030828
[INFO] Epoch: 94000 -             Loss: 0.003513,             Residual Loss: 0.007645,             Initial Loss: 0.000906,             Boundary Loss: 0.029967
[INFO] Epoch: 95000 -             Loss: 0.003434,             Residual Loss: 0.007099,             Initial Loss: 0.000898,             Boundary Loss: 0.030778
[INFO] Epoch: 96000 -             Loss: 0.003476,             Residual Loss: 0.007409,             Initial Loss: 0.000901,             Boundary Loss: 0.030339
[INFO] Epoch: 97000 -             Loss: 0.003418,             Residual Loss: 0.007056,             Initial Loss: 0.000894,             Boundary Loss: 0.031039
[INFO] Epoch: 98000 -             Loss: 0.003531,             Residual Loss: 0.008196,             Initial Loss: 0.000893,             Boundary Loss: 0.031491
[INFO] Epoch: 99000 -             Loss: 0.003540,             Residual Loss: 0.008331,             Initial Loss: 0.000892,             Boundary Loss: 0.031617
[INFO] Epoch: 100000 -             Loss: 0.003416,             Residual Loss: 0.007314,             Initial Loss: 0.000884,             Boundary Loss: 0.031869
[INFO] Epoch: 101000 -             Loss: 0.003575,             Residual Loss: 0.009095,             Initial Loss: 0.000878,             Boundary Loss: 0.032027
[INFO] Epoch: 102000 -             Loss: 0.003796,             Residual Loss: 0.011014,             Initial Loss: 0.000887,             Boundary Loss: 0.032520
[INFO] Epoch: 103000 -             Loss: 0.003423,             Residual Loss: 0.007397,             Initial Loss: 0.000884,             Boundary Loss: 0.031663
[INFO] Epoch: 104000 -             Loss: 0.003393,             Residual Loss: 0.007282,             Initial Loss: 0.000878,             Boundary Loss: 0.031901
[INFO] Epoch: 105000 -             Loss: 0.003378,             Residual Loss: 0.007328,             Initial Loss: 0.000871,             Boundary Loss: 0.032790
[INFO] Epoch: 106000 -             Loss: 0.003822,             Residual Loss: 0.011641,             Initial Loss: 0.000875,             Boundary Loss: 0.032675
[INFO] Epoch: 107000 -             Loss: 0.003470,             Residual Loss: 0.008015,             Initial Loss: 0.000879,             Boundary Loss: 0.032172
[INFO] Epoch: 108000 -             Loss: 0.003377,             Residual Loss: 0.007360,             Initial Loss: 0.000869,             Boundary Loss: 0.032689
[INFO] Epoch: 109000 -             Loss: 0.003464,             Residual Loss: 0.008395,             Initial Loss: 0.000864,             Boundary Loss: 0.033777
[INFO] Epoch: 110000 -             Loss: 0.003351,             Residual Loss: 0.007312,             Initial Loss: 0.000862,             Boundary Loss: 0.033459
[INFO] Epoch: 111000 -             Loss: 0.003346,             Residual Loss: 0.007247,             Initial Loss: 0.000863,             Boundary Loss: 0.033436
[INFO] Epoch: 112000 -             Loss: 0.003356,             Residual Loss: 0.007436,             Initial Loss: 0.000860,             Boundary Loss: 0.034014
[INFO] Epoch: 113000 -             Loss: 0.003446,             Residual Loss: 0.008358,             Initial Loss: 0.000859,             Boundary Loss: 0.033777
[INFO] Epoch: 114000 -             Loss: 0.003368,             Residual Loss: 0.007487,             Initial Loss: 0.000862,             Boundary Loss: 0.033701
[INFO] Epoch: 115000 -             Loss: 0.003431,             Residual Loss: 0.008043,             Initial Loss: 0.000864,             Boundary Loss: 0.033722
[INFO] Epoch: 116000 -             Loss: 0.003313,             Residual Loss: 0.007266,             Initial Loss: 0.000850,             Boundary Loss: 0.034829
[INFO] Epoch: 117000 -             Loss: 0.003309,             Residual Loss: 0.007303,             Initial Loss: 0.000848,             Boundary Loss: 0.035221
[INFO] Epoch: 118000 -             Loss: 0.003309,             Residual Loss: 0.007232,             Initial Loss: 0.000850,             Boundary Loss: 0.034883
[INFO] Epoch: 119000 -             Loss: 0.003969,             Residual Loss: 0.013649,             Initial Loss: 0.000856,             Boundary Loss: 0.035786
[INFO] Epoch: 120000 -             Loss: 0.003296,             Residual Loss: 0.007284,             Initial Loss: 0.000844,             Boundary Loss: 0.035578
[INFO] Epoch: 121000 -             Loss: 0.003292,             Residual Loss: 0.007320,             Initial Loss: 0.000841,             Boundary Loss: 0.035950
[INFO] Epoch: 122000 -             Loss: 0.003689,             Residual Loss: 0.011087,             Initial Loss: 0.000848,             Boundary Loss: 0.036069
[INFO] Epoch: 123000 -             Loss: 0.003627,             Residual Loss: 0.010730,             Initial Loss: 0.000839,             Boundary Loss: 0.036235
[INFO] Epoch: 124000 -             Loss: 0.003783,             Residual Loss: 0.012277,             Initial Loss: 0.000840,             Boundary Loss: 0.036390
[INFO] Epoch: 125000 -             Loss: 0.003272,             Residual Loss: 0.007251,             Initial Loss: 0.000837,             Boundary Loss: 0.036635
[INFO] Epoch: 126000 -             Loss: 0.003316,             Residual Loss: 0.007470,             Initial Loss: 0.000844,             Boundary Loss: 0.036178
