[INFO] Logger set up successfully
[INFO] Running on device: cuda
[INFO] Starting snapshot record_memory_history
[INFO] Simulation environment: data/val_square_UTM_translated_7.inp
[INFO] Loss: RELO
[INFO] Run directory created successfully
[INFO] Starting training run: 6
[INFO] Epoch: 1000 -             Loss: 0.025804,             Residual Loss: 0.000014,             Initial Loss: 0.001715,             Boundary Loss: 0.000014
[INFO] Epoch: 2000 -             Loss: 0.026692,             Residual Loss: 0.000178,             Initial Loss: 0.001719,             Boundary Loss: 0.000012
[INFO] Epoch: 3000 -             Loss: 0.025860,             Residual Loss: 0.000022,             Initial Loss: 0.001716,             Boundary Loss: 0.000012
[INFO] Epoch: 4000 -             Loss: 0.025653,             Residual Loss: 0.000015,             Initial Loss: 0.001703,             Boundary Loss: 0.000032
[INFO] Epoch: 5000 -             Loss: 0.025428,             Residual Loss: 0.000024,             Initial Loss: 0.001679,             Boundary Loss: 0.000122
[INFO] Epoch: 6000 -             Loss: 0.025363,             Residual Loss: 0.000019,             Initial Loss: 0.001675,             Boundary Loss: 0.000140
[INFO] Epoch: 7000 -             Loss: 0.025231,             Residual Loss: 0.000018,             Initial Loss: 0.001660,             Boundary Loss: 0.000246
[INFO] Epoch: 8000 -             Loss: 0.025170,             Residual Loss: 0.000015,             Initial Loss: 0.001658,             Boundary Loss: 0.000227
[INFO] Epoch: 9000 -             Loss: 0.025212,             Residual Loss: 0.000020,             Initial Loss: 0.001665,             Boundary Loss: 0.000136
[INFO] Epoch: 10000 -             Loss: 0.024983,             Residual Loss: 0.000022,             Initial Loss: 0.001641,             Boundary Loss: 0.000261
[INFO] Epoch: 11000 -             Loss: 0.024955,             Residual Loss: 0.000023,             Initial Loss: 0.001639,             Boundary Loss: 0.000252
[INFO] Epoch: 12000 -             Loss: 0.024897,             Residual Loss: 0.000028,             Initial Loss: 0.001632,             Boundary Loss: 0.000274
[INFO] Epoch: 13000 -             Loss: 0.024870,             Residual Loss: 0.000026,             Initial Loss: 0.001631,             Boundary Loss: 0.000272
[INFO] Epoch: 14000 -             Loss: 0.024819,             Residual Loss: 0.000027,             Initial Loss: 0.001627,             Boundary Loss: 0.000273
[INFO] Epoch: 15000 -             Loss: 0.024719,             Residual Loss: 0.000035,             Initial Loss: 0.001617,             Boundary Loss: 0.000293
[INFO] Epoch: 16000 -             Loss: 0.024601,             Residual Loss: 0.000044,             Initial Loss: 0.001604,             Boundary Loss: 0.000319
[INFO] Epoch: 17000 -             Loss: 0.024508,             Residual Loss: 0.000052,             Initial Loss: 0.001596,             Boundary Loss: 0.000311
[INFO] Epoch: 18000 -             Loss: 0.024363,             Residual Loss: 0.000064,             Initial Loss: 0.001576,             Boundary Loss: 0.000407
[INFO] Epoch: 19000 -             Loss: 0.024395,             Residual Loss: 0.000064,             Initial Loss: 0.001579,             Boundary Loss: 0.000396
[INFO] Epoch: 20000 -             Loss: 0.024357,             Residual Loss: 0.000053,             Initial Loss: 0.001579,             Boundary Loss: 0.000411
[INFO] Epoch: 21000 -             Loss: 0.024199,             Residual Loss: 0.000069,             Initial Loss: 0.001559,             Boundary Loss: 0.000468
[INFO] Epoch: 22000 -             Loss: 0.024133,             Residual Loss: 0.000069,             Initial Loss: 0.001553,             Boundary Loss: 0.000486
[INFO] Epoch: 23000 -             Loss: 0.024066,             Residual Loss: 0.000071,             Initial Loss: 0.001547,             Boundary Loss: 0.000499
[INFO] Epoch: 24000 -             Loss: 0.024006,             Residual Loss: 0.000073,             Initial Loss: 0.001542,             Boundary Loss: 0.000512
[INFO] Epoch: 25000 -             Loss: 0.024033,             Residual Loss: 0.000072,             Initial Loss: 0.001545,             Boundary Loss: 0.000496
[INFO] Epoch: 26000 -             Loss: 0.024005,             Residual Loss: 0.000092,             Initial Loss: 0.001535,             Boundary Loss: 0.000515
[INFO] Epoch: 27000 -             Loss: 0.023792,             Residual Loss: 0.000082,             Initial Loss: 0.001522,             Boundary Loss: 0.000557
[INFO] Epoch: 28000 -             Loss: 0.023803,             Residual Loss: 0.000089,             Initial Loss: 0.001521,             Boundary Loss: 0.000537
[INFO] Epoch: 29000 -             Loss: 0.023807,             Residual Loss: 0.000116,             Initial Loss: 0.001511,             Boundary Loss: 0.000558
[INFO] Epoch: 30000 -             Loss: 0.023765,             Residual Loss: 0.000089,             Initial Loss: 0.001521,             Boundary Loss: 0.000509
[INFO] Epoch: 31000 -             Loss: 0.023560,             Residual Loss: 0.000101,             Initial Loss: 0.001499,             Boundary Loss: 0.000569
[INFO] Epoch: 32000 -             Loss: 0.023527,             Residual Loss: 0.000103,             Initial Loss: 0.001497,             Boundary Loss: 0.000563
[INFO] Epoch: 33000 -             Loss: 0.024211,             Residual Loss: 0.000251,             Initial Loss: 0.001493,             Boundary Loss: 0.000554
[INFO] Epoch: 34000 -             Loss: 0.023438,             Residual Loss: 0.000112,             Initial Loss: 0.001487,             Boundary Loss: 0.000570
[INFO] Epoch: 35000 -             Loss: 0.023397,             Residual Loss: 0.000114,             Initial Loss: 0.001484,             Boundary Loss: 0.000570
[INFO] Epoch: 36000 -             Loss: 0.023363,             Residual Loss: 0.000116,             Initial Loss: 0.001481,             Boundary Loss: 0.000560
[INFO] Epoch: 37000 -             Loss: 0.023307,             Residual Loss: 0.000121,             Initial Loss: 0.001476,             Boundary Loss: 0.000558
[INFO] Epoch: 38000 -             Loss: 0.023272,             Residual Loss: 0.000126,             Initial Loss: 0.001473,             Boundary Loss: 0.000553
[INFO] Epoch: 39000 -             Loss: 0.023275,             Residual Loss: 0.000129,             Initial Loss: 0.001472,             Boundary Loss: 0.000543
[INFO] Epoch: 40000 -             Loss: 0.023170,             Residual Loss: 0.000132,             Initial Loss: 0.001464,             Boundary Loss: 0.000557
[INFO] Epoch: 41000 -             Loss: 0.023152,             Residual Loss: 0.000131,             Initial Loss: 0.001465,             Boundary Loss: 0.000522
[INFO] Epoch: 42000 -             Loss: 0.023250,             Residual Loss: 0.000165,             Initial Loss: 0.001459,             Boundary Loss: 0.000533
[INFO] Epoch: 43000 -             Loss: 0.023045,             Residual Loss: 0.000144,             Initial Loss: 0.001451,             Boundary Loss: 0.000552
[INFO] Epoch: 44000 -             Loss: 0.023533,             Residual Loss: 0.000235,             Initial Loss: 0.001456,             Boundary Loss: 0.000522
[INFO] Epoch: 45000 -             Loss: 0.022928,             Residual Loss: 0.000141,             Initial Loss: 0.001445,             Boundary Loss: 0.000553
[INFO] Epoch: 46000 -             Loss: 0.022823,             Residual Loss: 0.000147,             Initial Loss: 0.001433,             Boundary Loss: 0.000588
[INFO] Epoch: 47000 -             Loss: 0.024244,             Residual Loss: 0.000410,             Initial Loss: 0.001443,             Boundary Loss: 0.000553
[INFO] Epoch: 48000 -             Loss: 0.022684,             Residual Loss: 0.000148,             Initial Loss: 0.001421,             Boundary Loss: 0.000623
[INFO] Epoch: 49000 -             Loss: 0.022626,             Residual Loss: 0.000150,             Initial Loss: 0.001416,             Boundary Loss: 0.000632
[INFO] Epoch: 50000 -             Loss: 0.022708,             Residual Loss: 0.000180,             Initial Loss: 0.001410,             Boundary Loss: 0.000663
[INFO] Epoch: 51000 -             Loss: 0.022655,             Residual Loss: 0.000205,             Initial Loss: 0.001395,             Boundary Loss: 0.000700
[INFO] Epoch: 52000 -             Loss: 0.022354,             Residual Loss: 0.000155,             Initial Loss: 0.001391,             Boundary Loss: 0.000717
[INFO] Epoch: 53000 -             Loss: 0.022255,             Residual Loss: 0.000155,             Initial Loss: 0.001382,             Boundary Loss: 0.000751
[INFO] Epoch: 54000 -             Loss: 0.022187,             Residual Loss: 0.000156,             Initial Loss: 0.001377,             Boundary Loss: 0.000760
[INFO] Epoch: 55000 -             Loss: 0.022107,             Residual Loss: 0.000158,             Initial Loss: 0.001369,             Boundary Loss: 0.000785
[INFO] Epoch: 56000 -             Loss: 0.022036,             Residual Loss: 0.000158,             Initial Loss: 0.001363,             Boundary Loss: 0.000803
[INFO] Epoch: 57000 -             Loss: 0.022003,             Residual Loss: 0.000169,             Initial Loss: 0.001356,             Boundary Loss: 0.000814
[INFO] Epoch: 58000 -             Loss: 0.022025,             Residual Loss: 0.000176,             Initial Loss: 0.001355,             Boundary Loss: 0.000815
[INFO] Epoch: 59000 -             Loss: 0.023079,             Residual Loss: 0.000433,             Initial Loss: 0.001336,             Boundary Loss: 0.000875
[INFO] Epoch: 60000 -             Loss: 0.021947,             Residual Loss: 0.000199,             Initial Loss: 0.001341,             Boundary Loss: 0.000841
[INFO] Epoch: 61000 -             Loss: 0.021686,             Residual Loss: 0.000168,             Initial Loss: 0.001332,             Boundary Loss: 0.000875
[INFO] Epoch: 62000 -             Loss: 0.021740,             Residual Loss: 0.000183,             Initial Loss: 0.001331,             Boundary Loss: 0.000861
[INFO] Epoch: 63000 -             Loss: 0.021614,             Residual Loss: 0.000185,             Initial Loss: 0.001319,             Boundary Loss: 0.000901
[INFO] Epoch: 64000 -             Loss: 0.021430,             Residual Loss: 0.000166,             Initial Loss: 0.001311,             Boundary Loss: 0.000928
[INFO] Epoch: 65000 -             Loss: 0.021314,             Residual Loss: 0.000163,             Initial Loss: 0.001304,             Boundary Loss: 0.000937
[INFO] Epoch: 66000 -             Loss: 0.022361,             Residual Loss: 0.000372,             Initial Loss: 0.001306,             Boundary Loss: 0.000917
[INFO] Epoch: 67000 -             Loss: 0.021344,             Residual Loss: 0.000195,             Initial Loss: 0.001296,             Boundary Loss: 0.000935
[INFO] Epoch: 68000 -             Loss: 0.021147,             Residual Loss: 0.000167,             Initial Loss: 0.001290,             Boundary Loss: 0.000961
[INFO] Epoch: 69000 -             Loss: 0.021114,             Residual Loss: 0.000174,             Initial Loss: 0.001286,             Boundary Loss: 0.000961
[INFO] Epoch: 70000 -             Loss: 0.021028,             Residual Loss: 0.000173,             Initial Loss: 0.001278,             Boundary Loss: 0.000992
[INFO] Epoch: 71000 -             Loss: 0.021154,             Residual Loss: 0.000212,             Initial Loss: 0.001275,             Boundary Loss: 0.000974
[INFO] Epoch: 72000 -             Loss: 0.020794,             Residual Loss: 0.000162,             Initial Loss: 0.001265,             Boundary Loss: 0.001016
[INFO] Epoch: 73000 -             Loss: 0.020940,             Residual Loss: 0.000205,             Initial Loss: 0.001261,             Boundary Loss: 0.000999
[INFO] Epoch: 74000 -             Loss: 0.021403,             Residual Loss: 0.000313,             Initial Loss: 0.001255,             Boundary Loss: 0.001016
[INFO] Epoch: 75000 -             Loss: 0.022808,             Residual Loss: 0.000603,             Initial Loss: 0.001252,             Boundary Loss: 0.001010
[INFO] Epoch: 76000 -             Loss: 0.020936,             Residual Loss: 0.000248,             Initial Loss: 0.001246,             Boundary Loss: 0.000998
[INFO] Epoch: 77000 -             Loss: 0.020457,             Residual Loss: 0.000175,             Initial Loss: 0.001237,             Boundary Loss: 0.001020
[INFO] Epoch: 78000 -             Loss: 0.021378,             Residual Loss: 0.000393,             Initial Loss: 0.001224,             Boundary Loss: 0.001055
[INFO] Epoch: 79000 -             Loss: 0.020580,             Residual Loss: 0.000221,             Initial Loss: 0.001233,             Boundary Loss: 0.000973
[INFO] Epoch: 80000 -             Loss: 0.020176,             Residual Loss: 0.000173,             Initial Loss: 0.001219,             Boundary Loss: 0.001028
[INFO] Epoch: 81000 -             Loss: 0.020258,             Residual Loss: 0.000198,             Initial Loss: 0.001218,             Boundary Loss: 0.001000
[INFO] Epoch: 82000 -             Loss: 0.019992,             Residual Loss: 0.000169,             Initial Loss: 0.001208,             Boundary Loss: 0.001030
[INFO] Epoch: 83000 -             Loss: 0.020533,             Residual Loss: 0.000284,             Initial Loss: 0.001206,             Boundary Loss: 0.001025
[INFO] Epoch: 84000 -             Loss: 0.020389,             Residual Loss: 0.000283,             Initial Loss: 0.001196,             Boundary Loss: 0.001026
[INFO] Epoch: 85000 -             Loss: 0.019746,             Residual Loss: 0.000163,             Initial Loss: 0.001194,             Boundary Loss: 0.001014
[INFO] Epoch: 86000 -             Loss: 0.019723,             Residual Loss: 0.000183,             Initial Loss: 0.001186,             Boundary Loss: 0.001019
[INFO] Epoch: 87000 -             Loss: 0.019884,             Residual Loss: 0.000229,             Initial Loss: 0.001182,             Boundary Loss: 0.001012
[INFO] Epoch: 88000 -             Loss: 0.019730,             Residual Loss: 0.000205,             Initial Loss: 0.001179,             Boundary Loss: 0.001026
[INFO] Epoch: 89000 -             Loss: 0.019514,             Residual Loss: 0.000191,             Initial Loss: 0.001169,             Boundary Loss: 0.001028
[INFO] Epoch: 90000 -             Loss: 0.020569,             Residual Loss: 0.000411,             Initial Loss: 0.001165,             Boundary Loss: 0.001041
[INFO] Epoch: 91000 -             Loss: 0.020831,             Residual Loss: 0.000504,             Initial Loss: 0.001150,             Boundary Loss: 0.001055
[INFO] Epoch: 92000 -             Loss: 0.019114,             Residual Loss: 0.000167,             Initial Loss: 0.001147,             Boundary Loss: 0.001074
[INFO] Epoch: 93000 -             Loss: 0.019233,             Residual Loss: 0.000197,             Initial Loss: 0.001146,             Boundary Loss: 0.001051
[INFO] Epoch: 94000 -             Loss: 0.018903,             Residual Loss: 0.000152,             Initial Loss: 0.001138,             Boundary Loss: 0.001067
[INFO] Epoch: 95000 -             Loss: 0.019508,             Residual Loss: 0.000279,             Initial Loss: 0.001136,             Boundary Loss: 0.001074
[INFO] Epoch: 96000 -             Loss: 0.018721,             Residual Loss: 0.000149,             Initial Loss: 0.001126,             Boundary Loss: 0.001081
[INFO] Epoch: 97000 -             Loss: 0.018647,             Residual Loss: 0.000150,             Initial Loss: 0.001120,             Boundary Loss: 0.001094
[INFO] Epoch: 98000 -             Loss: 0.018885,             Residual Loss: 0.000202,             Initial Loss: 0.001118,             Boundary Loss: 0.001109
[INFO] Epoch: 99000 -             Loss: 0.019571,             Residual Loss: 0.000375,             Initial Loss: 0.001104,             Boundary Loss: 0.001130
[INFO] Epoch: 100000 -             Loss: 0.018295,             Residual Loss: 0.000130,             Initial Loss: 0.001100,             Boundary Loss: 0.001149
[INFO] Epoch: 101000 -             Loss: 0.019894,             Residual Loss: 0.000465,             Initial Loss: 0.001093,             Boundary Loss: 0.001167
[INFO] Epoch: 102000 -             Loss: 0.021215,             Residual Loss: 0.000733,             Initial Loss: 0.001096,             Boundary Loss: 0.001111
[INFO] Epoch: 103000 -             Loss: 0.019005,             Residual Loss: 0.000301,             Initial Loss: 0.001091,             Boundary Loss: 0.001137
[INFO] Epoch: 104000 -             Loss: 0.018173,             Residual Loss: 0.000166,             Initial Loss: 0.001079,             Boundary Loss: 0.001156
[INFO] Epoch: 105000 -             Loss: 0.018042,             Residual Loss: 0.000147,             Initial Loss: 0.001077,             Boundary Loss: 0.001154
[INFO] Epoch: 106000 -             Loss: 0.017888,             Residual Loss: 0.000135,             Initial Loss: 0.001070,             Boundary Loss: 0.001161
[INFO] Epoch: 107000 -             Loss: 0.017945,             Residual Loss: 0.000150,             Initial Loss: 0.001070,             Boundary Loss: 0.001148
[INFO] Epoch: 108000 -             Loss: 0.017961,             Residual Loss: 0.000161,             Initial Loss: 0.001067,             Boundary Loss: 0.001151
[INFO] Epoch: 109000 -             Loss: 0.017761,             Residual Loss: 0.000143,             Initial Loss: 0.001059,             Boundary Loss: 0.001154
[INFO] Epoch: 110000 -             Loss: 0.017765,             Residual Loss: 0.000147,             Initial Loss: 0.001059,             Boundary Loss: 0.001151
[INFO] Epoch: 111000 -             Loss: 0.019193,             Residual Loss: 0.000459,             Initial Loss: 0.001048,             Boundary Loss: 0.001171
[INFO] Epoch: 112000 -             Loss: 0.017751,             Residual Loss: 0.000185,             Initial Loss: 0.001045,             Boundary Loss: 0.001151
[INFO] Epoch: 113000 -             Loss: 0.017732,             Residual Loss: 0.000177,             Initial Loss: 0.001048,             Boundary Loss: 0.001131
[INFO] Epoch: 114000 -             Loss: 0.023333,             Residual Loss: 0.001304,             Initial Loss: 0.001042,             Boundary Loss: 0.001187
[INFO] Epoch: 115000 -             Loss: 0.017642,             Residual Loss: 0.000184,             Initial Loss: 0.001037,             Boundary Loss: 0.001169
[INFO] Epoch: 116000 -             Loss: 0.017254,             Residual Loss: 0.000128,             Initial Loss: 0.001030,             Boundary Loss: 0.001156
[INFO] Epoch: 117000 -             Loss: 0.017245,             Residual Loss: 0.000139,             Initial Loss: 0.001027,             Boundary Loss: 0.001147
[INFO] Epoch: 118000 -             Loss: 0.017030,             Residual Loss: 0.000113,             Initial Loss: 0.001021,             Boundary Loss: 0.001154
[INFO] Epoch: 119000 -             Loss: 0.017020,             Residual Loss: 0.000116,             Initial Loss: 0.001021,             Boundary Loss: 0.001130
[INFO] Epoch: 120000 -             Loss: 0.017251,             Residual Loss: 0.000174,             Initial Loss: 0.001017,             Boundary Loss: 0.001131
[INFO] Finished training
[INFO] Visualizing results
[INFO] Total loss: 	0.01725 (1.725E-02)
[INFO] Interior loss: 	0.00017 (1.741E-04)
[INFO] Initial loss: 	0.00102 (1.017E-03)
[INFO] Boundary loss: 	0.00113 (1.131E-03)
[INFO] Plotting initial condition results
[INFO] Plotting simulation frames
[INFO] Creating GIFs
[INFO] Saving snapshot to local file: ag0009_Apr_23_23_51_15.pickle
[INFO] Stopping snapshot record_memory_history
